2025-07-05 17:58:21,626 - __main__ - INFO - Reading JSON file: table-EP_ARTIKEL2.json
2025-07-05 17:58:22,827 - __main__ - INFO - Suche nach GTIN: 07611996073546
2025-07-05 17:58:24,037 - __main__ - INFO - Gefunden: 1 Einträge für GTIN 07611996073546
2025-07-05 17:58:24,038 - __main__ - INFO - Referenznummer gefunden: 75005179
2025-07-05 18:04:24,447 - __main__ - INFO - Reading JSON file: table-EP_ARTIKEL2.json
2025-07-05 18:04:25,679 - __main__ - INFO - Suche nach GTIN: 07611996073546
2025-07-05 18:06:16,249 - __main__ - INFO - Reading JSON file: table-EP_ARTIKEL2.json
2025-07-05 18:06:17,552 - __main__ - INFO - Suche nach GTIN: 07611996073546
2025-07-05 18:06:18,546 - __main__ - INFO - Gefunden: 1 Einträge für GTIN 07611996073546
2025-07-05 18:06:18,546 - __main__ - INFO - Referenznummer gefunden: 75005179
2025-07-05 18:10:04,279 - __main__ - INFO - Reading JSON file: table-EP_ARTIKEL2.json
2025-07-05 18:10:05,568 - __main__ - INFO - Suche nach GTIN: 07611996073546
2025-07-05 18:10:06,608 - __main__ - INFO - Gefunden: 1 Einträge für GTIN 07611996073546
2025-07-05 18:10:06,609 - __main__ - INFO - Referenznummer gefunden: 75005179
2025-07-05 18:49:13,739 - __main__ - INFO - Reading JSON file: table-EP_ARTIKEL2.json
2025-07-05 18:49:14,724 - __main__ - INFO - Suche nach GTIN: 07611996073546
2025-07-05 18:49:15,605 - __main__ - INFO - Gefunden: 1 Einträge für GTIN 07611996073546
2025-07-05 18:49:15,605 - __main__ - INFO - Referenznummer gefunden: 75005179
2025-07-05 19:31:14,601 - __main__ - ERROR - File not found: ..\table-EP_ARTIKEL2.json
2025-07-05 19:31:14,602 - __main__ - ERROR - Error reading JSON file ..\table-EP_ARTIKEL2.json: File not found: ..\table-EP_ARTIKEL2.json
2025-07-05 19:31:14,602 - root - ERROR - Unerwarteter Fehler beim Laden der Suchdatei: Error reading JSON file: File not found: ..\table-EP_ARTIKEL2.json
2025-07-05 19:31:14,602 - __main__ - INFO - Suche nach GTIN: 07611996073546
2025-07-05 19:31:14,602 - __main__ - WARNING - Keine Einträge gefunden für GTIN 07611996073546
2025-07-05 19:31:40,327 - __main__ - INFO - Reading JSON file: ../table-EP_ARTIKEL2.json
2025-07-05 19:31:41,362 - __main__ - INFO - Suche nach GTIN: 07611996073546
2025-07-05 19:31:42,252 - __main__ - INFO - Gefunden: 1 Einträge für GTIN 07611996073546
2025-07-05 19:31:42,253 - __main__ - INFO - Referenznummer gefunden: 75005179
2025-07-05 19:36:11,212 - __main__ - INFO - Reading JSON file: ../table-EP_ARTIKEL2.json
2025-07-05 19:36:12,216 - __main__ - INFO - Suche nach GTIN: 07611996073546
2025-07-05 19:36:13,120 - __main__ - INFO - Gefunden: 1 Einträge für GTIN 07611996073546
2025-07-05 19:36:13,120 - __main__ - INFO - Referenznummer gefunden: 75005179
2025-07-05 19:37:24,622 - __main__ - INFO - Reading JSON file: ../table-EP_ARTIKEL2.json
2025-07-05 19:37:25,579 - __main__ - INFO - Suche nach GTIN: 07611996073546
2025-07-05 19:37:26,473 - __main__ - INFO - Gefunden: 1 Einträge für GTIN 07611996073546
2025-07-05 19:37:26,473 - __main__ - INFO - Referenznummer gefunden: 75005179
2025-07-05 19:42:33,758 - __main__ - INFO - Reading JSON file: ../table-EP_ARTIKEL2.json
2025-07-05 19:42:34,751 - __main__ - INFO - Suche nach GTIN: 07611996073546
2025-07-05 19:42:35,701 - __main__ - INFO - Gefunden: 1 Einträge für GTIN 07611996073546
2025-07-05 19:42:35,702 - __main__ - INFO - Referenznummer gefunden: 75005179
2025-07-05 19:44:07,513 - __main__ - INFO - Reading JSON file: ../table-EP_ARTIKEL2.json
2025-07-05 19:44:08,471 - __main__ - INFO - Suche nach GTIN: 07611996073546
2025-07-05 19:44:09,417 - __main__ - INFO - Gefunden: 1 Einträge für GTIN 07611996073546
2025-07-05 19:44:09,417 - __main__ - INFO - Referenznummer gefunden: 75005179
